
Copyright (C) 1994-2025 Synopsys, Inc.
This Synopsys software and all associated documentation are proprietary to Synopsys, Inc.
and may only be used pursuant to the terms and conditions of a written license agreement
with Synopsys, Inc. All other use, reproduction, modification, or distribution of the
Synopsys software or the associated documentation is strictly prohibited.
Tool: Synplify Pro (R)
Build: W-2025.03LR-SP1
Install: C:\lscc\radiant\2025.2.1\synpbase
OS: Windows 10 or later
Hostname: ECE-OP7010PC2

Implementation : impl_1
Synopsys HDL compiler and linker, Version comp202503synp2, Build 238R, Built Jan 28 2026 09:24:53, @

Modified Files: 1
FID:  path (prevtimestamp, timestamp)
1        C:\Users\Kumar Lab\Desktop\Jasper\Lattice Projects\MPCS_ex\rtl\MPCS_ex.v (2026-07-08 12:58:19, 2026-07-08 13:02:44)

*******************************************************************
Modules that may have changed as a result of file changes: 125
MID:  lib.cell.view
2        work.ebr_addr_pipe.verilog may have changed because the following files changed:
                        C:\Users\Kumar Lab\Desktop\Jasper\Lattice Projects\MPCS_ex\rtl\MPCS_ex.v (2026-07-08 12:58:19, 2026-07-08 13:02:44) <-- (may instantiate this module)
3        work.ebr_read_mux.verilog may have changed because the following files changed:
                        C:\Users\Kumar Lab\Desktop\Jasper\Lattice Projects\MPCS_ex\rtl\MPCS_ex.v (2026-07-08 12:58:19, 2026-07-08 13:02:44) <-- (may instantiate this module)
5        work.lscc_add_sub.verilog may have changed because the following files changed:
                        C:\Users\Kumar Lab\Desktop\Jasper\Lattice Projects\MPCS_ex\rtl\MPCS_ex.v (2026-07-08 12:58:19, 2026-07-08 13:02:44) <-- (may instantiate this module)
6        work.lscc_adder.verilog may have changed because the following files changed:
                        C:\Users\Kumar Lab\Desktop\Jasper\Lattice Projects\MPCS_ex\rtl\MPCS_ex.v (2026-07-08 12:58:19, 2026-07-08 13:02:44) <-- (may instantiate this module)
7        work.lscc_cntr.verilog may have changed because the following files changed:
                        C:\Users\Kumar Lab\Desktop\Jasper\Lattice Projects\MPCS_ex\rtl\MPCS_ex.v (2026-07-08 12:58:19, 2026-07-08 13:02:44) <-- (may instantiate this module)
8        work.lscc_complex_mult.verilog may have changed because the following files changed:
                        C:\Users\Kumar Lab\Desktop\Jasper\Lattice Projects\MPCS_ex\rtl\MPCS_ex.v (2026-07-08 12:58:19, 2026-07-08 13:02:44) <-- (may instantiate this module)
9        work.lscc_distributed_dpram.verilog may have changed because the following files changed:
                        C:\Users\Kumar Lab\Desktop\Jasper\Lattice Projects\MPCS_ex\rtl\MPCS_ex.v (2026-07-08 12:58:19, 2026-07-08 13:02:44) <-- (may instantiate this module)
10       work.lscc_distributed_rom.verilog may have changed because the following files changed:
                        C:\Users\Kumar Lab\Desktop\Jasper\Lattice Projects\MPCS_ex\rtl\MPCS_ex.v (2026-07-08 12:58:19, 2026-07-08 13:02:44) <-- (may instantiate this module)
11       work.lscc_distributed_spram.verilog may have changed because the following files changed:
                        C:\Users\Kumar Lab\Desktop\Jasper\Lattice Projects\MPCS_ex\rtl\MPCS_ex.v (2026-07-08 12:58:19, 2026-07-08 13:02:44) <-- (may instantiate this module)
12       work.lscc_fifo.verilog may have changed because the following files changed:
                        C:\Users\Kumar Lab\Desktop\Jasper\Lattice Projects\MPCS_ex\rtl\MPCS_ex.v (2026-07-08 12:58:19, 2026-07-08 13:02:44) <-- (may instantiate this module)
13       work.lscc_fifo_dc.verilog may have changed because the following files changed:
                        C:\Users\Kumar Lab\Desktop\Jasper\Lattice Projects\MPCS_ex\rtl\MPCS_ex.v (2026-07-08 12:58:19, 2026-07-08 13:02:44) <-- (may instantiate this module)
14       work.lscc_fifo_dc_fwft_fabric.verilog may have changed because the following files changed:
                        C:\Users\Kumar Lab\Desktop\Jasper\Lattice Projects\MPCS_ex\rtl\MPCS_ex.v (2026-07-08 12:58:19, 2026-07-08 13:02:44) <-- (may instantiate this module)
15       work.lscc_fifo_dc_hw_core.verilog may have changed because the following files changed:
                        C:\Users\Kumar Lab\Desktop\Jasper\Lattice Projects\MPCS_ex\rtl\MPCS_ex.v (2026-07-08 12:58:19, 2026-07-08 13:02:44) <-- (may instantiate this module)
16       work.lscc_fifo_dc_main.verilog may have changed because the following files changed:
                        C:\Users\Kumar Lab\Desktop\Jasper\Lattice Projects\MPCS_ex\rtl\MPCS_ex.v (2026-07-08 12:58:19, 2026-07-08 13:02:44) <-- (may instantiate this module)
17       work.lscc_fifo_fwft_fabric.verilog may have changed because the following files changed:
                        C:\Users\Kumar Lab\Desktop\Jasper\Lattice Projects\MPCS_ex\rtl\MPCS_ex.v (2026-07-08 12:58:19, 2026-07-08 13:02:44) <-- (may instantiate this module)
18       work.lscc_fifo_hw_core.verilog may have changed because the following files changed:
                        C:\Users\Kumar Lab\Desktop\Jasper\Lattice Projects\MPCS_ex\rtl\MPCS_ex.v (2026-07-08 12:58:19, 2026-07-08 13:02:44) <-- (may instantiate this module)
19       work.lscc_fifo_main.verilog may have changed because the following files changed:
                        C:\Users\Kumar Lab\Desktop\Jasper\Lattice Projects\MPCS_ex\rtl\MPCS_ex.v (2026-07-08 12:58:19, 2026-07-08 13:02:44) <-- (may instantiate this module)
20       work.lscc_fifo_mem_core.verilog may have changed because the following files changed:
                        C:\Users\Kumar Lab\Desktop\Jasper\Lattice Projects\MPCS_ex\rtl\MPCS_ex.v (2026-07-08 12:58:19, 2026-07-08 13:02:44) <-- (may instantiate this module)
21       work.lscc_fifo_mem_main.verilog may have changed because the following files changed:
                        C:\Users\Kumar Lab\Desktop\Jasper\Lattice Projects\MPCS_ex\rtl\MPCS_ex.v (2026-07-08 12:58:19, 2026-07-08 13:02:44) <-- (may instantiate this module)
22       work.lscc_fifo_soft_mem.verilog may have changed because the following files changed:
                        C:\Users\Kumar Lab\Desktop\Jasper\Lattice Projects\MPCS_ex\rtl\MPCS_ex.v (2026-07-08 12:58:19, 2026-07-08 13:02:44) <-- (may instantiate this module)
23       work.lscc_hard_fifo.verilog may have changed because the following files changed:
                        C:\Users\Kumar Lab\Desktop\Jasper\Lattice Projects\MPCS_ex\rtl\MPCS_ex.v (2026-07-08 12:58:19, 2026-07-08 13:02:44) <-- (may instantiate this module)
24       work.lscc_hard_fifo_dc.verilog may have changed because the following files changed:
                        C:\Users\Kumar Lab\Desktop\Jasper\Lattice Projects\MPCS_ex\rtl\MPCS_ex.v (2026-07-08 12:58:19, 2026-07-08 13:02:44) <-- (may instantiate this module)
25       work.lscc_lfmxo4_addr_wiring.verilog may have changed because the following files changed:
                        C:\Users\Kumar Lab\Desktop\Jasper\Lattice Projects\MPCS_ex\rtl\MPCS_ex.v (2026-07-08 12:58:19, 2026-07-08 13:02:44) <-- (may instantiate this module)
26       work.lscc_lfmxo4_byte_enable.verilog may have changed because the following files changed:
                        C:\Users\Kumar Lab\Desktop\Jasper\Lattice Projects\MPCS_ex\rtl\MPCS_ex.v (2026-07-08 12:58:19, 2026-07-08 13:02:44) <-- (may instantiate this module)
27       work.lscc_lfmxo4_byte_enable_multi.verilog may have changed because the following files changed:
                        C:\Users\Kumar Lab\Desktop\Jasper\Lattice Projects\MPCS_ex\rtl\MPCS_ex.v (2026-07-08 12:58:19, 2026-07-08 13:02:44) <-- (may instantiate this module)
28       work.lscc_lfmxo4_core_port_wiring.verilog may have changed because the following files changed:
                        C:\Users\Kumar Lab\Desktop\Jasper\Lattice Projects\MPCS_ex\rtl\MPCS_ex.v (2026-07-08 12:58:19, 2026-07-08 13:02:44) <-- (may instantiate this module)
29       work.lscc_lfmxo4_cs_decode.verilog may have changed because the following files changed:
                        C:\Users\Kumar Lab\Desktop\Jasper\Lattice Projects\MPCS_ex\rtl\MPCS_ex.v (2026-07-08 12:58:19, 2026-07-08 13:02:44) <-- (may instantiate this module)
30       work.lscc_lfmxo4_data_deinterleave.verilog may have changed because the following files changed:
                        C:\Users\Kumar Lab\Desktop\Jasper\Lattice Projects\MPCS_ex\rtl\MPCS_ex.v (2026-07-08 12:58:19, 2026-07-08 13:02:44) <-- (may instantiate this module)
31       work.lscc_lfmxo4_data_interleave.verilog may have changed because the following files changed:
                        C:\Users\Kumar Lab\Desktop\Jasper\Lattice Projects\MPCS_ex\rtl\MPCS_ex.v (2026-07-08 12:58:19, 2026-07-08 13:02:44) <-- (may instantiate this module)
32       work.lscc_lfmxo4_data_routing.verilog may have changed because the following files changed:
                        C:\Users\Kumar Lab\Desktop\Jasper\Lattice Projects\MPCS_ex\rtl\MPCS_ex.v (2026-07-08 12:58:19, 2026-07-08 13:02:44) <-- (may instantiate this module)
33       work.lscc_lfmxo4_data_slice.verilog may have changed because the following files changed:
                        C:\Users\Kumar Lab\Desktop\Jasper\Lattice Projects\MPCS_ex\rtl\MPCS_ex.v (2026-07-08 12:58:19, 2026-07-08 13:02:44) <-- (may instantiate this module)
34       work.lscc_lfmxo4_dp8k_rd_wiring.verilog may have changed because the following files changed:
                        C:\Users\Kumar Lab\Desktop\Jasper\Lattice Projects\MPCS_ex\rtl\MPCS_ex.v (2026-07-08 12:58:19, 2026-07-08 13:02:44) <-- (may instantiate this module)
35       work.lscc_lfmxo4_dp8k_wr_wiring.verilog may have changed because the following files changed:
                        C:\Users\Kumar Lab\Desktop\Jasper\Lattice Projects\MPCS_ex\rtl\MPCS_ex.v (2026-07-08 12:58:19, 2026-07-08 13:02:44) <-- (may instantiate this module)
36       work.lscc_lfmxo4_fifo_dc.verilog may have changed because the following files changed:
                        C:\Users\Kumar Lab\Desktop\Jasper\Lattice Projects\MPCS_ex\rtl\MPCS_ex.v (2026-07-08 12:58:19, 2026-07-08 13:02:44) <-- (may instantiate this module)
37       work.lscc_lfmxo4_fifo_dc_distributed_ram.verilog may have changed because the following files changed:
                        C:\Users\Kumar Lab\Desktop\Jasper\Lattice Projects\MPCS_ex\rtl\MPCS_ex.v (2026-07-08 12:58:19, 2026-07-08 13:02:44) <-- (may instantiate this module)
38       work.lscc_lfmxo4_fifo_dc_ecc.verilog may have changed because the following files changed:
                        C:\Users\Kumar Lab\Desktop\Jasper\Lattice Projects\MPCS_ex\rtl\MPCS_ex.v (2026-07-08 12:58:19, 2026-07-08 13:02:44) <-- (may instantiate this module)
39       work.lscc_lfmxo4_fifo_dc_flag_and_cnts_logic.verilog may have changed because the following files changed:
                        C:\Users\Kumar Lab\Desktop\Jasper\Lattice Projects\MPCS_ex\rtl\MPCS_ex.v (2026-07-08 12:58:19, 2026-07-08 13:02:44) <-- (may instantiate this module)
40       work.lscc_lfmxo4_fifo_dc_gray_reg.verilog may have changed because the following files changed:
                        C:\Users\Kumar Lab\Desktop\Jasper\Lattice Projects\MPCS_ex\rtl\MPCS_ex.v (2026-07-08 12:58:19, 2026-07-08 13:02:44) <-- (may instantiate this module)
41       work.lscc_lfmxo4_fifo_dc_gray_synchronizer.verilog may have changed because the following files changed:
                        C:\Users\Kumar Lab\Desktop\Jasper\Lattice Projects\MPCS_ex\rtl\MPCS_ex.v (2026-07-08 12:58:19, 2026-07-08 13:02:44) <-- (may instantiate this module)
42       work.lscc_lfmxo4_fifo_dc_harden.verilog may have changed because the following files changed:
                        C:\Users\Kumar Lab\Desktop\Jasper\Lattice Projects\MPCS_ex\rtl\MPCS_ex.v (2026-07-08 12:58:19, 2026-07-08 13:02:44) <-- (may instantiate this module)
43       work.lscc_lfmxo4_fifo_dc_harden_prim.verilog may have changed because the following files changed:
                        C:\Users\Kumar Lab\Desktop\Jasper\Lattice Projects\MPCS_ex\rtl\MPCS_ex.v (2026-07-08 12:58:19, 2026-07-08 13:02:44) <-- (may instantiate this module)
44       work.lscc_lfmxo4_fifo_dc_harden_rd_ctrl_logic.verilog may have changed because the following files changed:
                        C:\Users\Kumar Lab\Desktop\Jasper\Lattice Projects\MPCS_ex\rtl\MPCS_ex.v (2026-07-08 12:58:19, 2026-07-08 13:02:44) <-- (may instantiate this module)
45       work.lscc_lfmxo4_fifo_dc_harden_rd_output_logic.verilog may have changed because the following files changed:
                        C:\Users\Kumar Lab\Desktop\Jasper\Lattice Projects\MPCS_ex\rtl\MPCS_ex.v (2026-07-08 12:58:19, 2026-07-08 13:02:44) <-- (may instantiate this module)
46       work.lscc_lfmxo4_fifo_dc_harden_ring_counter.verilog may have changed because the following files changed:
                        C:\Users\Kumar Lab\Desktop\Jasper\Lattice Projects\MPCS_ex\rtl\MPCS_ex.v (2026-07-08 12:58:19, 2026-07-08 13:02:44) <-- (may instantiate this module)
47       work.lscc_lfmxo4_fifo_dc_harden_wr_ctrl_logic.verilog may have changed because the following files changed:
                        C:\Users\Kumar Lab\Desktop\Jasper\Lattice Projects\MPCS_ex\rtl\MPCS_ex.v (2026-07-08 12:58:19, 2026-07-08 13:02:44) <-- (may instantiate this module)
48       work.lscc_lfmxo4_fifo_dc_prim_gen.verilog may have changed because the following files changed:
                        C:\Users\Kumar Lab\Desktop\Jasper\Lattice Projects\MPCS_ex\rtl\MPCS_ex.v (2026-07-08 12:58:19, 2026-07-08 13:02:44) <-- (may instantiate this module)
49       work.lscc_lfmxo4_fifo_dc_rd_ctrl_logic.verilog may have changed because the following files changed:
                        C:\Users\Kumar Lab\Desktop\Jasper\Lattice Projects\MPCS_ex\rtl\MPCS_ex.v (2026-07-08 12:58:19, 2026-07-08 13:02:44) <-- (may instantiate this module)
50       work.lscc_lfmxo4_fifo_dc_wr_ctrl_logic.verilog may have changed because the following files changed:
                        C:\Users\Kumar Lab\Desktop\Jasper\Lattice Projects\MPCS_ex\rtl\MPCS_ex.v (2026-07-08 12:58:19, 2026-07-08 13:02:44) <-- (may instantiate this module)
51       work.lscc_lfmxo4_mix_width_interleave.verilog may have changed because the following files changed:
                        C:\Users\Kumar Lab\Desktop\Jasper\Lattice Projects\MPCS_ex\rtl\MPCS_ex.v (2026-07-08 12:58:19, 2026-07-08 13:02:44) <-- (may instantiate this module)
52       work.lscc_lfmxo4_pdpw_rd_wiring.verilog may have changed because the following files changed:
                        C:\Users\Kumar Lab\Desktop\Jasper\Lattice Projects\MPCS_ex\rtl\MPCS_ex.v (2026-07-08 12:58:19, 2026-07-08 13:02:44) <-- (may instantiate this module)
53       work.lscc_lfmxo4_pdpw_wr_wiring.verilog may have changed because the following files changed:
                        C:\Users\Kumar Lab\Desktop\Jasper\Lattice Projects\MPCS_ex\rtl\MPCS_ex.v (2026-07-08 12:58:19, 2026-07-08 13:02:44) <-- (may instantiate this module)
54       work.lscc_lfmxo4_ram_dp.verilog may have changed because the following files changed:
                        C:\Users\Kumar Lab\Desktop\Jasper\Lattice Projects\MPCS_ex\rtl\MPCS_ex.v (2026-07-08 12:58:19, 2026-07-08 13:02:44) <-- (may instantiate this module)
55       work.lscc_lfmxo4_ram_dp_behavioral.verilog may have changed because the following files changed:
                        C:\Users\Kumar Lab\Desktop\Jasper\Lattice Projects\MPCS_ex\rtl\MPCS_ex.v (2026-07-08 12:58:19, 2026-07-08 13:02:44) <-- (may instantiate this module)
56       work.lscc_lfmxo4_ram_dp_core.verilog may have changed because the following files changed:
                        C:\Users\Kumar Lab\Desktop\Jasper\Lattice Projects\MPCS_ex\rtl\MPCS_ex.v (2026-07-08 12:58:19, 2026-07-08 13:02:44) <-- (may instantiate this module)
57       work.lscc_lfmxo4_ram_dp_lut_decode.verilog may have changed because the following files changed:
                        C:\Users\Kumar Lab\Desktop\Jasper\Lattice Projects\MPCS_ex\rtl\MPCS_ex.v (2026-07-08 12:58:19, 2026-07-08 13:02:44) <-- (may instantiate this module)
58       work.lscc_lfmxo4_ram_dp_main.verilog may have changed because the following files changed:
                        C:\Users\Kumar Lab\Desktop\Jasper\Lattice Projects\MPCS_ex\rtl\MPCS_ex.v (2026-07-08 12:58:19, 2026-07-08 13:02:44) <-- (may instantiate this module)
59       work.lscc_lfmxo4_ram_dp_mix_no_byte_en.verilog may have changed because the following files changed:
                        C:\Users\Kumar Lab\Desktop\Jasper\Lattice Projects\MPCS_ex\rtl\MPCS_ex.v (2026-07-08 12:58:19, 2026-07-08 13:02:44) <-- (may instantiate this module)
60       work.lscc_lfmxo4_ram_dp_mix_w_byte_en.verilog may have changed because the following files changed:
                        C:\Users\Kumar Lab\Desktop\Jasper\Lattice Projects\MPCS_ex\rtl\MPCS_ex.v (2026-07-08 12:58:19, 2026-07-08 13:02:44) <-- (may instantiate this module)
61       work.lscc_lfmxo4_ram_dp_non_mix.verilog may have changed because the following files changed:
                        C:\Users\Kumar Lab\Desktop\Jasper\Lattice Projects\MPCS_ex\rtl\MPCS_ex.v (2026-07-08 12:58:19, 2026-07-08 13:02:44) <-- (may instantiate this module)
62       work.lscc_lfmxo4_ram_dp_out_reg.verilog may have changed because the following files changed:
                        C:\Users\Kumar Lab\Desktop\Jasper\Lattice Projects\MPCS_ex\rtl\MPCS_ex.v (2026-07-08 12:58:19, 2026-07-08 13:02:44) <-- (may instantiate this module)
63       work.lscc_lfmxo4_ram_dp_rd_addr_pipe.verilog may have changed because the following files changed:
                        C:\Users\Kumar Lab\Desktop\Jasper\Lattice Projects\MPCS_ex\rtl\MPCS_ex.v (2026-07-08 12:58:19, 2026-07-08 13:02:44) <-- (may instantiate this module)
64       work.lscc_lfmxo4_ram_dp_rd_en_reg.verilog may have changed because the following files changed:
                        C:\Users\Kumar Lab\Desktop\Jasper\Lattice Projects\MPCS_ex\rtl\MPCS_ex.v (2026-07-08 12:58:19, 2026-07-08 13:02:44) <-- (may instantiate this module)
65       work.lscc_lfmxo4_ram_dp_read_mux.verilog may have changed because the following files changed:
                        C:\Users\Kumar Lab\Desktop\Jasper\Lattice Projects\MPCS_ex\rtl\MPCS_ex.v (2026-07-08 12:58:19, 2026-07-08 13:02:44) <-- (may instantiate this module)
66       work.lscc_lfmxo4_ram_dp_true.verilog may have changed because the following files changed:
                        C:\Users\Kumar Lab\Desktop\Jasper\Lattice Projects\MPCS_ex\rtl\MPCS_ex.v (2026-07-08 12:58:19, 2026-07-08 13:02:44) <-- (may instantiate this module)
67       work.lscc_lfmxo4_ram_dp_true_behavioral.verilog may have changed because the following files changed:
                        C:\Users\Kumar Lab\Desktop\Jasper\Lattice Projects\MPCS_ex\rtl\MPCS_ex.v (2026-07-08 12:58:19, 2026-07-08 13:02:44) <-- (may instantiate this module)
68       work.lscc_lfmxo4_ram_dp_true_core.verilog may have changed because the following files changed:
                        C:\Users\Kumar Lab\Desktop\Jasper\Lattice Projects\MPCS_ex\rtl\MPCS_ex.v (2026-07-08 12:58:19, 2026-07-08 13:02:44) <-- (may instantiate this module)
69       work.lscc_lfmxo4_ram_dp_true_inst.verilog may have changed because the following files changed:
                        C:\Users\Kumar Lab\Desktop\Jasper\Lattice Projects\MPCS_ex\rtl\MPCS_ex.v (2026-07-08 12:58:19, 2026-07-08 13:02:44) <-- (may instantiate this module)
70       work.lscc_lfmxo4_ram_dp_true_lut_decode.verilog may have changed because the following files changed:
                        C:\Users\Kumar Lab\Desktop\Jasper\Lattice Projects\MPCS_ex\rtl\MPCS_ex.v (2026-07-08 12:58:19, 2026-07-08 13:02:44) <-- (may instantiate this module)
71       work.lscc_lfmxo4_ram_dp_true_main.verilog may have changed because the following files changed:
                        C:\Users\Kumar Lab\Desktop\Jasper\Lattice Projects\MPCS_ex\rtl\MPCS_ex.v (2026-07-08 12:58:19, 2026-07-08 13:02:44) <-- (may instantiate this module)
72       work.lscc_lfmxo4_ram_dp_true_mixed_width.verilog may have changed because the following files changed:
                        C:\Users\Kumar Lab\Desktop\Jasper\Lattice Projects\MPCS_ex\rtl\MPCS_ex.v (2026-07-08 12:58:19, 2026-07-08 13:02:44) <-- (may instantiate this module)
73       work.lscc_lfmxo4_ram_dp_true_read_mux.verilog may have changed because the following files changed:
                        C:\Users\Kumar Lab\Desktop\Jasper\Lattice Projects\MPCS_ex\rtl\MPCS_ex.v (2026-07-08 12:58:19, 2026-07-08 13:02:44) <-- (may instantiate this module)
74       work.lscc_lfmxo4_ram_dp_true_same_width.verilog may have changed because the following files changed:
                        C:\Users\Kumar Lab\Desktop\Jasper\Lattice Projects\MPCS_ex\rtl\MPCS_ex.v (2026-07-08 12:58:19, 2026-07-08 13:02:44) <-- (may instantiate this module)
75       work.lscc_lfmxo4_ram_dq.verilog may have changed because the following files changed:
                        C:\Users\Kumar Lab\Desktop\Jasper\Lattice Projects\MPCS_ex\rtl\MPCS_ex.v (2026-07-08 12:58:19, 2026-07-08 13:02:44) <-- (may instantiate this module)
76       work.lscc_lfmxo4_ram_dq_core.verilog may have changed because the following files changed:
                        C:\Users\Kumar Lab\Desktop\Jasper\Lattice Projects\MPCS_ex\rtl\MPCS_ex.v (2026-07-08 12:58:19, 2026-07-08 13:02:44) <-- (may instantiate this module)
77       work.lscc_lfmxo4_ram_dq_inst.verilog may have changed because the following files changed:
                        C:\Users\Kumar Lab\Desktop\Jasper\Lattice Projects\MPCS_ex\rtl\MPCS_ex.v (2026-07-08 12:58:19, 2026-07-08 13:02:44) <-- (may instantiate this module)
78       work.lscc_lfmxo4_ram_dq_main.verilog may have changed because the following files changed:
                        C:\Users\Kumar Lab\Desktop\Jasper\Lattice Projects\MPCS_ex\rtl\MPCS_ex.v (2026-07-08 12:58:19, 2026-07-08 13:02:44) <-- (may instantiate this module)
79       work.lscc_lfmxo4_write_through.verilog may have changed because the following files changed:
                        C:\Users\Kumar Lab\Desktop\Jasper\Lattice Projects\MPCS_ex\rtl\MPCS_ex.v (2026-07-08 12:58:19, 2026-07-08 13:02:44) <-- (may instantiate this module)
80       work.lscc_lfxo4_ram_dp_true_addr_pipe.verilog may have changed because the following files changed:
                        C:\Users\Kumar Lab\Desktop\Jasper\Lattice Projects\MPCS_ex\rtl\MPCS_ex.v (2026-07-08 12:58:19, 2026-07-08 13:02:44) <-- (may instantiate this module)
81       work.lscc_mult_accumulate.verilog may have changed because the following files changed:
                        C:\Users\Kumar Lab\Desktop\Jasper\Lattice Projects\MPCS_ex\rtl\MPCS_ex.v (2026-07-08 12:58:19, 2026-07-08 13:02:44) <-- (may instantiate this module)
82       work.lscc_mult_add_sub.verilog may have changed because the following files changed:
                        C:\Users\Kumar Lab\Desktop\Jasper\Lattice Projects\MPCS_ex\rtl\MPCS_ex.v (2026-07-08 12:58:19, 2026-07-08 13:02:44) <-- (may instantiate this module)
83       work.lscc_mult_add_sub_sum.verilog may have changed because the following files changed:
                        C:\Users\Kumar Lab\Desktop\Jasper\Lattice Projects\MPCS_ex\rtl\MPCS_ex.v (2026-07-08 12:58:19, 2026-07-08 13:02:44) <-- (may instantiate this module)
84       work.lscc_multiplier.verilog may have changed because the following files changed:
                        C:\Users\Kumar Lab\Desktop\Jasper\Lattice Projects\MPCS_ex\rtl\MPCS_ex.v (2026-07-08 12:58:19, 2026-07-08 13:02:44) <-- (may instantiate this module)
85       work.lscc_multiplier_dsp.verilog may have changed because the following files changed:
                        C:\Users\Kumar Lab\Desktop\Jasper\Lattice Projects\MPCS_ex\rtl\MPCS_ex.v (2026-07-08 12:58:19, 2026-07-08 13:02:44) <-- (may instantiate this module)
86       work.lscc_multiplier_lut.verilog may have changed because the following files changed:
                        C:\Users\Kumar Lab\Desktop\Jasper\Lattice Projects\MPCS_ex\rtl\MPCS_ex.v (2026-07-08 12:58:19, 2026-07-08 13:02:44) <-- (may instantiate this module)
87       work.lscc_ram_dp.verilog may have changed because the following files changed:
                        C:\Users\Kumar Lab\Desktop\Jasper\Lattice Projects\MPCS_ex\rtl\MPCS_ex.v (2026-07-08 12:58:19, 2026-07-08 13:02:44) <-- (module definition)
88       work.lscc_ram_dp_core.verilog may have changed because the following files changed:
                        C:\Users\Kumar Lab\Desktop\Jasper\Lattice Projects\MPCS_ex\rtl\MPCS_ex.v (2026-07-08 12:58:19, 2026-07-08 13:02:44) <-- (module definition)
89       work.lscc_ram_dp_main.verilog may have changed because the following files changed:
                        C:\Users\Kumar Lab\Desktop\Jasper\Lattice Projects\MPCS_ex\rtl\MPCS_ex.v (2026-07-08 12:58:19, 2026-07-08 13:02:44) <-- (module definition)
90       work.lscc_ram_dp_true.verilog may have changed because the following files changed:
                        C:\Users\Kumar Lab\Desktop\Jasper\Lattice Projects\MPCS_ex\rtl\MPCS_ex.v (2026-07-08 12:58:19, 2026-07-08 13:02:44) <-- (may instantiate this module)
91       work.lscc_ram_dp_true_core.verilog may have changed because the following files changed:
                        C:\Users\Kumar Lab\Desktop\Jasper\Lattice Projects\MPCS_ex\rtl\MPCS_ex.v (2026-07-08 12:58:19, 2026-07-08 13:02:44) <-- (may instantiate this module)
92       work.lscc_ram_dp_true_inst.verilog may have changed because the following files changed:
                        C:\Users\Kumar Lab\Desktop\Jasper\Lattice Projects\MPCS_ex\rtl\MPCS_ex.v (2026-07-08 12:58:19, 2026-07-08 13:02:44) <-- (may instantiate this module)
93       work.lscc_ram_dp_true_main.verilog may have changed because the following files changed:
                        C:\Users\Kumar Lab\Desktop\Jasper\Lattice Projects\MPCS_ex\rtl\MPCS_ex.v (2026-07-08 12:58:19, 2026-07-08 13:02:44) <-- (may instantiate this module)
94       work.lscc_ram_dq.verilog may have changed because the following files changed:
                        C:\Users\Kumar Lab\Desktop\Jasper\Lattice Projects\MPCS_ex\rtl\MPCS_ex.v (2026-07-08 12:58:19, 2026-07-08 13:02:44) <-- (may instantiate this module)
95       work.lscc_ram_dq_core.verilog may have changed because the following files changed:
                        C:\Users\Kumar Lab\Desktop\Jasper\Lattice Projects\MPCS_ex\rtl\MPCS_ex.v (2026-07-08 12:58:19, 2026-07-08 13:02:44) <-- (may instantiate this module)
96       work.lscc_ram_dq_inst.verilog may have changed because the following files changed:
                        C:\Users\Kumar Lab\Desktop\Jasper\Lattice Projects\MPCS_ex\rtl\MPCS_ex.v (2026-07-08 12:58:19, 2026-07-08 13:02:44) <-- (may instantiate this module)
97       work.lscc_ram_dq_main.verilog may have changed because the following files changed:
                        C:\Users\Kumar Lab\Desktop\Jasper\Lattice Projects\MPCS_ex\rtl\MPCS_ex.v (2026-07-08 12:58:19, 2026-07-08 13:02:44) <-- (may instantiate this module)
98       work.lscc_reset_async.verilog may have changed because the following files changed:
                        C:\Users\Kumar Lab\Desktop\Jasper\Lattice Projects\MPCS_ex\rtl\MPCS_ex.v (2026-07-08 12:58:19, 2026-07-08 13:02:44) <-- (may instantiate this module)
99       work.lscc_rom.verilog may have changed because the following files changed:
                        C:\Users\Kumar Lab\Desktop\Jasper\Lattice Projects\MPCS_ex\rtl\MPCS_ex.v (2026-07-08 12:58:19, 2026-07-08 13:02:44) <-- (may instantiate this module)
100      work.lscc_rom_inst.verilog may have changed because the following files changed:
                        C:\Users\Kumar Lab\Desktop\Jasper\Lattice Projects\MPCS_ex\rtl\MPCS_ex.v (2026-07-08 12:58:19, 2026-07-08 13:02:44) <-- (may instantiate this module)
101      work.lscc_rom_inst_core.verilog may have changed because the following files changed:
                        C:\Users\Kumar Lab\Desktop\Jasper\Lattice Projects\MPCS_ex\rtl\MPCS_ex.v (2026-07-08 12:58:19, 2026-07-08 13:02:44) <-- (may instantiate this module)
102      work.lscc_shift_register.verilog may have changed because the following files changed:
                        C:\Users\Kumar Lab\Desktop\Jasper\Lattice Projects\MPCS_ex\rtl\MPCS_ex.v (2026-07-08 12:58:19, 2026-07-08 13:02:44) <-- (may instantiate this module)
103      work.lscc_soft_fifo.verilog may have changed because the following files changed:
                        C:\Users\Kumar Lab\Desktop\Jasper\Lattice Projects\MPCS_ex\rtl\MPCS_ex.v (2026-07-08 12:58:19, 2026-07-08 13:02:44) <-- (may instantiate this module)
104      work.lscc_soft_fifo_dc.verilog may have changed because the following files changed:
                        C:\Users\Kumar Lab\Desktop\Jasper\Lattice Projects\MPCS_ex\rtl\MPCS_ex.v (2026-07-08 12:58:19, 2026-07-08 13:02:44) <-- (may instantiate this module)
105      work.lscc_subtractor.verilog may have changed because the following files changed:
                        C:\Users\Kumar Lab\Desktop\Jasper\Lattice Projects\MPCS_ex\rtl\MPCS_ex.v (2026-07-08 12:58:19, 2026-07-08 13:02:44) <-- (may instantiate this module)
106      work.lscc_write_through.verilog may have changed because the following files changed:
                        C:\Users\Kumar Lab\Desktop\Jasper\Lattice Projects\MPCS_ex\rtl\MPCS_ex.v (2026-07-08 12:58:19, 2026-07-08 13:02:44) <-- (may instantiate this module)
107      work.pmi_add.verilog may have changed because the following files changed:
                        C:\Users\Kumar Lab\Desktop\Jasper\Lattice Projects\MPCS_ex\rtl\MPCS_ex.v (2026-07-08 12:58:19, 2026-07-08 13:02:44) <-- (may instantiate this module)
108      work.pmi_addsub.verilog may have changed because the following files changed:
                        C:\Users\Kumar Lab\Desktop\Jasper\Lattice Projects\MPCS_ex\rtl\MPCS_ex.v (2026-07-08 12:58:19, 2026-07-08 13:02:44) <-- (may instantiate this module)
109      work.pmi_complex_mult.verilog may have changed because the following files changed:
                        C:\Users\Kumar Lab\Desktop\Jasper\Lattice Projects\MPCS_ex\rtl\MPCS_ex.v (2026-07-08 12:58:19, 2026-07-08 13:02:44) <-- (may instantiate this module)
110      work.pmi_counter.verilog may have changed because the following files changed:
                        C:\Users\Kumar Lab\Desktop\Jasper\Lattice Projects\MPCS_ex\rtl\MPCS_ex.v (2026-07-08 12:58:19, 2026-07-08 13:02:44) <-- (may instantiate this module)
111      work.pmi_distributed_dpram.verilog may have changed because the following files changed:
                        C:\Users\Kumar Lab\Desktop\Jasper\Lattice Projects\MPCS_ex\rtl\MPCS_ex.v (2026-07-08 12:58:19, 2026-07-08 13:02:44) <-- (may instantiate this module)
112      work.pmi_distributed_rom.verilog may have changed because the following files changed:
                        C:\Users\Kumar Lab\Desktop\Jasper\Lattice Projects\MPCS_ex\rtl\MPCS_ex.v (2026-07-08 12:58:19, 2026-07-08 13:02:44) <-- (may instantiate this module)
113      work.pmi_distributed_shift_reg.verilog may have changed because the following files changed:
                        C:\Users\Kumar Lab\Desktop\Jasper\Lattice Projects\MPCS_ex\rtl\MPCS_ex.v (2026-07-08 12:58:19, 2026-07-08 13:02:44) <-- (may instantiate this module)
114      work.pmi_distributed_spram.verilog may have changed because the following files changed:
                        C:\Users\Kumar Lab\Desktop\Jasper\Lattice Projects\MPCS_ex\rtl\MPCS_ex.v (2026-07-08 12:58:19, 2026-07-08 13:02:44) <-- (may instantiate this module)
115      work.pmi_fifo.verilog may have changed because the following files changed:
                        C:\Users\Kumar Lab\Desktop\Jasper\Lattice Projects\MPCS_ex\rtl\MPCS_ex.v (2026-07-08 12:58:19, 2026-07-08 13:02:44) <-- (may instantiate this module)
116      work.pmi_fifo_dc.verilog may have changed because the following files changed:
                        C:\Users\Kumar Lab\Desktop\Jasper\Lattice Projects\MPCS_ex\rtl\MPCS_ex.v (2026-07-08 12:58:19, 2026-07-08 13:02:44) <-- (may instantiate this module)
117      work.pmi_mac.verilog may have changed because the following files changed:
                        C:\Users\Kumar Lab\Desktop\Jasper\Lattice Projects\MPCS_ex\rtl\MPCS_ex.v (2026-07-08 12:58:19, 2026-07-08 13:02:44) <-- (may instantiate this module)
118      work.pmi_mult.verilog may have changed because the following files changed:
                        C:\Users\Kumar Lab\Desktop\Jasper\Lattice Projects\MPCS_ex\rtl\MPCS_ex.v (2026-07-08 12:58:19, 2026-07-08 13:02:44) <-- (may instantiate this module)
119      work.pmi_multaddsub.verilog may have changed because the following files changed:
                        C:\Users\Kumar Lab\Desktop\Jasper\Lattice Projects\MPCS_ex\rtl\MPCS_ex.v (2026-07-08 12:58:19, 2026-07-08 13:02:44) <-- (may instantiate this module)
120      work.pmi_multaddsubsum.verilog may have changed because the following files changed:
                        C:\Users\Kumar Lab\Desktop\Jasper\Lattice Projects\MPCS_ex\rtl\MPCS_ex.v (2026-07-08 12:58:19, 2026-07-08 13:02:44) <-- (may instantiate this module)
121      work.pmi_ram_dp.verilog may have changed because the following files changed:
                        C:\Users\Kumar Lab\Desktop\Jasper\Lattice Projects\MPCS_ex\rtl\MPCS_ex.v (2026-07-08 12:58:19, 2026-07-08 13:02:44) <-- (may instantiate this module)
122      work.pmi_ram_dp_be.verilog may have changed because the following files changed:
                        C:\Users\Kumar Lab\Desktop\Jasper\Lattice Projects\MPCS_ex\rtl\MPCS_ex.v (2026-07-08 12:58:19, 2026-07-08 13:02:44) <-- (may instantiate this module)
123      work.pmi_ram_dp_true.verilog may have changed because the following files changed:
                        C:\Users\Kumar Lab\Desktop\Jasper\Lattice Projects\MPCS_ex\rtl\MPCS_ex.v (2026-07-08 12:58:19, 2026-07-08 13:02:44) <-- (may instantiate this module)
124      work.pmi_ram_dq.verilog may have changed because the following files changed:
                        C:\Users\Kumar Lab\Desktop\Jasper\Lattice Projects\MPCS_ex\rtl\MPCS_ex.v (2026-07-08 12:58:19, 2026-07-08 13:02:44) <-- (may instantiate this module)
125      work.pmi_ram_dq_be.verilog may have changed because the following files changed:
                        C:\Users\Kumar Lab\Desktop\Jasper\Lattice Projects\MPCS_ex\rtl\MPCS_ex.v (2026-07-08 12:58:19, 2026-07-08 13:02:44) <-- (may instantiate this module)
126      work.pmi_rom.verilog may have changed because the following files changed:
                        C:\Users\Kumar Lab\Desktop\Jasper\Lattice Projects\MPCS_ex\rtl\MPCS_ex.v (2026-07-08 12:58:19, 2026-07-08 13:02:44) <-- (may instantiate this module)
127      work.pmi_sub.verilog may have changed because the following files changed:
                        C:\Users\Kumar Lab\Desktop\Jasper\Lattice Projects\MPCS_ex\rtl\MPCS_ex.v (2026-07-08 12:58:19, 2026-07-08 13:02:44) <-- (may instantiate this module)

*******************************************************************
Unmodified files: 73
FID:  path (timestamp)
0        C:\Users\Kumar Lab\Desktop\Jasper\Lattice Projects\MPCS_ex\rtl\Flashing_Light.v (2026-07-08 12:44:12)
2        C:\lscc\radiant\2025.2.1\ip\pmi\../LFMXO4/fifo_dc/rtl/lscc_lfmxo4_fifo_dc.v (2026-02-13 01:20:22)
3        C:\lscc\radiant\2025.2.1\ip\pmi\../LFMXO4/fifo_dc/rtl\lscc_lfmxo4_fifo_dc_distributed_ram.v (2026-01-30 19:21:37)
4        C:\lscc\radiant\2025.2.1\ip\pmi\../LFMXO4/fifo_dc/rtl\lscc_lfmxo4_fifo_dc_ecc.v (2026-01-30 19:21:37)
5        C:\lscc\radiant\2025.2.1\ip\pmi\../LFMXO4/fifo_dc/rtl\lscc_lfmxo4_fifo_dc_flag_and_cnts_logic.v (2026-02-13 01:20:22)
6        C:\lscc\radiant\2025.2.1\ip\pmi\../LFMXO4/fifo_dc/rtl\lscc_lfmxo4_fifo_dc_gray_reg.v (2026-01-30 19:21:37)
7        C:\lscc\radiant\2025.2.1\ip\pmi\../LFMXO4/fifo_dc/rtl\lscc_lfmxo4_fifo_dc_gray_synchronizer.v (2026-01-30 19:21:37)
8        C:\lscc\radiant\2025.2.1\ip\pmi\../LFMXO4/fifo_dc/rtl\lscc_lfmxo4_fifo_dc_harden.v (2026-01-30 19:21:37)
9        C:\lscc\radiant\2025.2.1\ip\pmi\../LFMXO4/fifo_dc/rtl\lscc_lfmxo4_fifo_dc_harden_prim.v (2026-01-30 19:21:37)
10       C:\lscc\radiant\2025.2.1\ip\pmi\../LFMXO4/fifo_dc/rtl\lscc_lfmxo4_fifo_dc_harden_rd_ctrl_logic.v (2026-01-30 19:21:37)
11       C:\lscc\radiant\2025.2.1\ip\pmi\../LFMXO4/fifo_dc/rtl\lscc_lfmxo4_fifo_dc_harden_rd_output_logic.v (2026-01-30 19:21:37)
12       C:\lscc\radiant\2025.2.1\ip\pmi\../LFMXO4/fifo_dc/rtl\lscc_lfmxo4_fifo_dc_harden_ring_counter.v (2026-01-30 19:21:37)
13       C:\lscc\radiant\2025.2.1\ip\pmi\../LFMXO4/fifo_dc/rtl\lscc_lfmxo4_fifo_dc_harden_wr_ctrl_logic.v (2026-01-30 19:21:37)
14       C:\lscc\radiant\2025.2.1\ip\pmi\../LFMXO4/fifo_dc/rtl\lscc_lfmxo4_fifo_dc_prim_gen.v (2026-01-30 19:21:37)
15       C:\lscc\radiant\2025.2.1\ip\pmi\../LFMXO4/fifo_dc/rtl\lscc_lfmxo4_fifo_dc_rd_ctrl_logic.v (2026-01-30 19:21:37)
16       C:\lscc\radiant\2025.2.1\ip\pmi\../LFMXO4/fifo_dc/rtl\lscc_lfmxo4_fifo_dc_wr_ctrl_logic.v (2026-01-30 19:21:37)
17       C:\lscc\radiant\2025.2.1\ip\pmi\../LFMXO4/ram_dp/rtl/lscc_lfmxo4_ram_dp.v (2026-02-11 19:21:25)
18       C:\lscc\radiant\2025.2.1\ip\pmi\../LFMXO4/ram_dp/rtl\lscc_lfmxo4_ram_dp_behavioral.v (2026-02-11 19:21:25)
19       C:\lscc\radiant\2025.2.1\ip\pmi\../LFMXO4/ram_dp/rtl\lscc_lfmxo4_ram_dp_functions.vh (2026-02-11 19:21:25)
20       C:\lscc\radiant\2025.2.1\ip\pmi\../LFMXO4/ram_dp/rtl\lscc_lfmxo4_ram_dp_impl.v (2026-02-11 19:21:25)
21       C:\lscc\radiant\2025.2.1\ip\pmi\../LFMXO4/ram_dp/rtl\lscc_lfmxo4_ram_dp_lut_decode.v (2026-02-11 19:21:25)
22       C:\lscc\radiant\2025.2.1\ip\pmi\../LFMXO4/ram_dp_true/rtl/lscc_lfmxo4_ram_dp_true.v (2026-02-26 00:01:51)
23       C:\lscc\radiant\2025.2.1\ip\pmi\../LFMXO4/ram_dp_true/rtl\lscc_lfmxo4_ram_dp_true_behavioral.v (2026-02-26 00:01:51)
24       C:\lscc\radiant\2025.2.1\ip\pmi\../LFMXO4/ram_dp_true/rtl\lscc_lfmxo4_ram_dp_true_functions.vh (2026-02-26 00:01:51)
25       C:\lscc\radiant\2025.2.1\ip\pmi\../LFMXO4/ram_dp_true/rtl\lscc_lfmxo4_ram_dp_true_impl.v (2026-02-26 00:01:51)
26       C:\lscc\radiant\2025.2.1\ip\pmi\../LFMXO4/ram_dp_true/rtl\lscc_lfmxo4_ram_dp_true_lut_decode.v (2026-02-26 00:01:51)
27       C:\lscc\radiant\2025.2.1\ip\pmi\../LFMXO4/ram_dq/rtl/lscc_lfmxo4_ram_dq.v (2026-01-29 19:21:37)
28       C:\lscc\radiant\2025.2.1\ip\pmi\../common/adder/rtl/lscc_adder.v (2025-12-22 07:54:59)
29       C:\lscc\radiant\2025.2.1\ip\pmi\../common/adder_subtractor/rtl/lscc_add_sub.v (2025-12-22 07:54:58)
30       C:\lscc\radiant\2025.2.1\ip\pmi\../common/complex_mult/rtl/lscc_complex_mult.v (2025-12-22 07:54:59)
31       C:\lscc\radiant\2025.2.1\ip\pmi\../common/counter/rtl/lscc_cntr.v (2025-12-22 07:54:58)
32       C:\lscc\radiant\2025.2.1\ip\pmi\../common/distributed_dpram/rtl/lscc_distributed_dpram.v (2025-12-22 07:54:58)
33       C:\lscc\radiant\2025.2.1\ip\pmi\../common/distributed_rom/rtl/lscc_distributed_rom.v (2025-12-22 07:54:59)
34       C:\lscc\radiant\2025.2.1\ip\pmi\../common/distributed_spram/rtl/lscc_distributed_spram.v (2025-12-22 07:54:58)
35       C:\lscc\radiant\2025.2.1\ip\pmi\../common/fifo/rtl/lscc_fifo.v (2025-12-22 07:54:59)
36       C:\lscc\radiant\2025.2.1\ip\pmi\../common/fifo_dc/rtl/lscc_fifo_dc.v (2025-12-22 07:54:59)
37       C:\lscc\radiant\2025.2.1\ip\pmi\../common/mult_accumulate/rtl/lscc_mult_accumulate.v (2025-12-22 07:54:59)
38       C:\lscc\radiant\2025.2.1\ip\pmi\../common/mult_add_sub/rtl/lscc_mult_add_sub.v (2025-12-22 07:54:58)
39       C:\lscc\radiant\2025.2.1\ip\pmi\../common/mult_add_sub_sum/rtl/lscc_mult_add_sub_sum.v (2025-12-22 07:54:58)
40       C:\lscc\radiant\2025.2.1\ip\pmi\../common/multiplier/rtl/lscc_multiplier.v (2025-12-22 07:54:59)
41       C:\lscc\radiant\2025.2.1\ip\pmi\../common/ram_dp/rtl/lscc_ram_dp.v (2025-12-22 07:54:58)
42       C:\lscc\radiant\2025.2.1\ip\pmi\../common/ram_dp_true/rtl/lscc_ram_dp_true.v (2025-12-22 07:54:58)
43       C:\lscc\radiant\2025.2.1\ip\pmi\../common/ram_dq/rtl/lscc_ram_dq.v (2025-12-22 07:54:59)
44       C:\lscc\radiant\2025.2.1\ip\pmi\../common/ram_shift_reg/rtl/lscc_shift_register.v (2025-12-22 07:54:58)
45       C:\lscc\radiant\2025.2.1\ip\pmi\../common/rom/rtl/lscc_rom.v (2025-12-22 07:54:59)
46       C:\lscc\radiant\2025.2.1\ip\pmi\../common/subtractor/rtl/lscc_subtractor.v (2025-12-22 07:55:00)
47       C:\lscc\radiant\2025.2.1\ip\pmi\pmi_add.v (2025-12-22 07:54:59)
48       C:\lscc\radiant\2025.2.1\ip\pmi\pmi_addsub.v (2025-12-22 07:54:59)
49       C:\lscc\radiant\2025.2.1\ip\pmi\pmi_complex_mult.v (2025-12-22 07:54:59)
50       C:\lscc\radiant\2025.2.1\ip\pmi\pmi_counter.v (2025-12-22 07:54:58)
51       C:\lscc\radiant\2025.2.1\ip\pmi\pmi_distributed_dpram.v (2025-12-22 07:54:58)
52       C:\lscc\radiant\2025.2.1\ip\pmi\pmi_distributed_rom.v (2025-12-22 07:54:58)
53       C:\lscc\radiant\2025.2.1\ip\pmi\pmi_distributed_shift_reg.v (2025-12-22 07:54:58)
54       C:\lscc\radiant\2025.2.1\ip\pmi\pmi_distributed_spram.v (2025-12-22 07:54:58)
55       C:\lscc\radiant\2025.2.1\ip\pmi\pmi_fifo.v (2025-12-22 07:54:58)
56       C:\lscc\radiant\2025.2.1\ip\pmi\pmi_fifo_dc.v (2026-02-03 19:21:21)
57       C:\lscc\radiant\2025.2.1\ip\pmi\pmi_lfcpnx.v (2025-12-22 07:54:58)
58       C:\lscc\radiant\2025.2.1\ip\pmi\pmi_mac.v (2025-12-22 07:54:59)
59       C:\lscc\radiant\2025.2.1\ip\pmi\pmi_mult.v (2025-12-22 07:54:59)
60       C:\lscc\radiant\2025.2.1\ip\pmi\pmi_multaddsub.v (2025-12-22 07:54:59)
61       C:\lscc\radiant\2025.2.1\ip\pmi\pmi_multaddsubsum.v (2025-12-22 07:54:59)
62       C:\lscc\radiant\2025.2.1\ip\pmi\pmi_ram_dp.v (2025-12-22 07:54:59)
63       C:\lscc\radiant\2025.2.1\ip\pmi\pmi_ram_dp_be.v (2025-12-22 07:54:58)
64       C:\lscc\radiant\2025.2.1\ip\pmi\pmi_ram_dp_true.v (2025-12-22 07:54:58)
65       C:\lscc\radiant\2025.2.1\ip\pmi\pmi_ram_dq.v (2025-12-22 07:54:58)
66       C:\lscc\radiant\2025.2.1\ip\pmi\pmi_ram_dq_be.v (2025-12-22 07:54:58)
67       C:\lscc\radiant\2025.2.1\ip\pmi\pmi_rom.v (2025-12-22 07:54:58)
68       C:\lscc\radiant\2025.2.1\ip\pmi\pmi_sub.v (2025-12-22 07:54:58)
69       C:\lscc\radiant\2025.2.1\synpbase\lib\lucent\lfcpnx.v (2026-03-25 06:45:30)
70       C:\lscc\radiant\2025.2.1\synpbase\lib\lucent\pmi_def.v (2025-11-11 08:43:29)
71       C:\lscc\radiant\2025.2.1\synpbase\lib\vlog\hypermods.v (2025-11-11 11:28:53)
72       C:\lscc\radiant\2025.2.1\synpbase\lib\vlog\scemi_objects.v (2025-11-11 11:28:53)
73       C:\lscc\radiant\2025.2.1\synpbase\lib\vlog\scemi_pipes.svh (2025-11-11 11:28:53)

*******************************************************************
Unchanged modules: 3
MID:  lib.cell.view
0        work.MPCS_ex.verilog
1        work.MPCS_ex_ipgen_lscc_mpcs_top.verilog
4        work.flashing_lights.verilog
