
                         Lattice Mapping Report File

Design:  flashing_lights
Family:  LFCPNX
Device:  LFCPNX-100
Package: LFG672
Performance Grade:  9_High-Performance_1.0V

Mapper:    version Radiant Software (64-bit) 2025.2.1.321.0
Mapped on: Wed Jul  8 13:03:13 2026

Design Information
------------------

Command line:   map -pdc C:/Users/Kumar Lab/Desktop/Jasper/Lattice
     Projects/MPCS_ex/constraints/MPCS_ex.pdc -i Lattice_MPC_Ex_impl_1_syn.udb
     -o Lattice_MPC_Ex_impl_1_map.udb -mp Lattice_MPC_Ex_impl_1.mrp -hierrpt
     -gui -msgset C:/Users/Kumar Lab/Desktop/Jasper/Lattice
     Projects/MPCS_ex/Lattice_MPC_Ex/promote.xml

Design Summary
--------------

   Number of registers:          10 out of 80769 (<1%)
      Number of SLICE         registers:   10 out of 79872 (<1%)
      Number of PIO Input     registers:    0 out of   299 (0%)
      Number of PIO Output    registers:    0 out of   299 (0%)
      Number of PIO Tri-State registers:    0 out of   299 (0%)
   Number of LUT4s:              12 out of 79872 (<1%)
      Number used as logic LUT4s:                         12
      Number used as distributed RAM:                      0 (6 per 16X4 RAM)
      Number used as ripple logic:                         0 (2 per CCU2)
   Number of PIOs used/reserved:   14 out of   299 (5%)
      Number of PIOs reserved:      7 (per sysConfig and/or prohibit constraint)
      Number of PIOs used:          7
        Number of PIOs used for single ended IO:         7
        Number of PIO pairs used for differential IO:    0
        Number allocated to regular speed PIOs:     7 out of  167 (4%)
        Number allocated to high speed PIOs:        0 out of  132 (0%)
   Number of Dedicated IO used for ADC/PCS/PCIE:    4 out of   60 (7%)
   Number of IDDR/ODDR/TDDR functions used:      0 out of   730 (0%)
   Number of IOs using at least one DDR function: 0 (0 differential)
   Number of Block RAMs:          0 out of 208 (0%)
   Number of Large RAMs:          0 out of 7 (0%)
   Number of Logical DSP Functions:
      Number of Pre-Adders (9+9):    0 out of 312 (0%)
      Number of Multipliers (18x18): 0 out of 156 (0%)
         Number of 9X9:        0 (1 18x18 = 2   9x9)
         Number of 18x18:      0 (1 18x18 = 1 18x18)
         Number of 18x36:      0 (2 18x18 = 1 18x36)
         Number of 36x36:      0 (4 18x18 = 1 36x36)
      Number of 54-bit Accumulators: 0 out of 78 (0%)
      Number of 18-bit Registers:    0 out of 312 (0%)
   Number of Physical DSP Components:
      Number of PREADD9:             0 out of 312 (0%)
      Number of MULT9:               0 out of 312 (0%)
      Number of MULT18:              0 out of 156 (0%)
      Number of MULT18X36:           0 out of 78 (0%)
      Number of MULT36:              0 out of 39 (0%)
      Number of ACC54:               0 out of 78 (0%)
      Number of REG18:               0 out of 312 (0%)

                                    Page 1





Design Summary (cont)
---------------------
   Number of ALUREGs:             0 out of 1 (0%)
   Number of PLLs:                0 out of 4 (0%)
   Number of DDRDLLs:             0 out of 2 (0%)
   Number of DLLDELs:             0 out of 10 (0%)
   Number of DQSs:                0 out of 11 (0%)
   Number of DCSs:                0 out of 2 (0%)
   Number of DCCs:                0 out of 62 (0%)
   Number of PCLKDIVs:            0 out of 2 (0%)
   Number of ECLKDIVs:            0 out of 12 (0%)
   Number of ECLKSYNCs:           0 out of 12 (0%)
   Number of ADC Blocks:          0 out of 1 (0%)
   Number of SGMIICDRs:           0 out of 2 (0%)
   Number of PMUs:                0 out of 1 (0%)
   Number of BNKREF18s:           0 out of 3 (0%)
   Number of BNKREF33s:           0 out of 5 (0%)
   Number of I2CFIFOs:            0 out of 1 (0%)
   Number of Oscillator:          0 out of 1 (0%)
   Number of GSR:                 0 out of 1 (0%)
   Number of Cryptographic Block: 0 out of 1 (0%)
   Number of Config IP:           0 out of 1 (0%)
                 TSALL:           0 out of 1 (0%)
   Number of JTAG:                0 out of 1 (0%)
   Number of Config LMMI:         0 out of 1 (0%)
   Number of Config MULTIBOOT:    0 out of 1 (0%)
   Number of SED:                 0 out of 1 (0%)
   Number of Config WDT:          0 out of 1 (0%)
   Number of PCSs:                1 out of 2 (50%)
   Number of PCIE Link Layers:    0 out of 1 (0%)
   Number of Clocks:  3
      Net u_mpcs.lscc_mpcs_top_inst.PCSX1_inst.u_PCSX1_pcs_merge_pcs_merge_pcsx4
     _merge_merge_clkout_sig: 1 loads, 1 rising, 0 falling (Driver: Pin u_mpcs.l
     scc_mpcs_top_inst.u_pcsrefmux_pcs_merge_pcs_merge.PCSREFMUX8_CORE_pcs_merge
     /Q1CLKOUT)
      Net MPCS_ex.PIPE_PCS_TXCLKOUT.tx_clk_pcs_merge: 10 loads, 10 rising, 0
     falling (Driver: Pin u_mpcs.lscc_mpcs_top_inst.PCSX1_inst.u_PCSX1_pcs_merge
     _pcs_merge_pcsx4_merge.PCSX4_inst/CH2_PIPE_PCS_TXCLKOUT)
      Net rx_clk: 4 loads, 4 rising, 0 falling (Driver: Pin u_mpcs.lscc_mpcs_top
     _inst.PCSX1_inst.u_PCSX1_pcs_merge_pcs_merge_pcsx4_merge.PCSX4_inst/CH2_RXO
     UTCLK)
   Number of Clock Enables:  1
      Net rx_data_valid: 2 loads, 2 SLICEs
   Number of LSRs:  2
      Net VCC: 3 loads, 0 SLICEs
      Net mpcs_phyrdy: 1 loads, 0 SLICEs
   Top 10 highest fanout non-clock nets:
      Net tx_control[0]: 18 loads
      Net VCC: 9 loads
      Net have_rx_data: 5 loads
      Net MPCS_ex.PIPE_LOCAL_GET_TX_PRESET_COEF[1].MPCS_ex_ipgen_lscc_mpcs_top_Z
     1_layer0.PIPE_LOCAL_GET_TX_PRESET_COEF[1].mpcs_lsync_pcs_merge_pcs_merge: 4
     loads
      Net rx_data[0]: 4 loads
      Net rx_data[1]: 4 loads
      Net rx_data_valid: 3 loads
      Net mpcs_phyrdy: 2 loads
      Net mpcs_rxval: 1 loads
      Net mpcs_rx_word[8]: 1 loads

                                    Page 2










   Number of warnings:  5
   Number of criticals: 0
   Number of errors:    0

Design Errors/Criticals/Warnings
--------------------------------

WARNING <51001264> - map: File 'C:/Users/Kumar Lab/Desktop/Jasper/Lattice
     Projects/MPCS_ex/constraints/MPCS_ex.pdc' doesn't exist.
WARNING <71003020> - map: Top module port 'sdq_refclkp_q0_i' does not connect to
     anything.
WARNING <71003020> - map: Top module port 'sdq_refclkn_q0_i' does not connect to
     anything.
WARNING <71003020> - map: Top module port 'sdq_refclkp_q0_i' does not connect to
     anything.
WARNING <71003020> - map: Top module port 'sdq_refclkn_q0_i' does not connect to
     anything.

IO (PIO) Attributes
-------------------

+---------------------+-----------+-----------+-------+-------+-----------+
| IO Name             | Direction | Levelmode |  IO   |  IO   | Special   |
|                     |           |  IO_TYPE  |  REG  |  DDR  | IO Buffer |
+---------------------+-----------+-----------+-------+-------+-----------+
| LED4                | OUTPUT    |           |       |       |           |
+---------------------+-----------+-----------+-------+-------+-----------+
| LED3                | OUTPUT    |           |       |       |           |
+---------------------+-----------+-----------+-------+-------+-----------+
| LED2                | OUTPUT    |           |       |       |           |
+---------------------+-----------+-----------+-------+-------+-----------+
| LED1                | OUTPUT    |           |       |       |           |
+---------------------+-----------+-----------+-------+-------+-----------+
| F_SFP1_TX_DISABLE   | OUTPUT    |           |       |       |           |
+---------------------+-----------+-----------+-------+-------+-----------+
| Switch2             | INPUT     |           |       |       |           |
+---------------------+-----------+-----------+-------+-------+-----------+
| Switch1             | INPUT     |           |       |       |           |
+---------------------+-----------+-----------+-------+-------+-----------+

Removed logic
-------------

Block GSR_INST undriven or does not drive anything - clipped.
Block VCC_cZ was optimized away.

ASIC Components
---------------

Instance Name: u_mpcs.lscc_mpcs_top_inst.u_pcsrefmux_pcs_merge_pcs_merge.PCSREFM
     UX8_CORE_pcs_merge
         Type: PCSREFMUX8_CORE
Instance Name: u_mpcs.lscc_mpcs_top_inst.PCSX1_inst.u_PCSX1_pcs_merge_pcs_merge_
     pcsx4_merge.PCSX4_inst
         Type: PCS_CORE

                                    Page 3





ASIC Components (cont)
----------------------
               CH2_PROTOCOL(LANE ID 6): used as 1KBASEX

Constraint Summary
------------------

   Total number of constraints: 0
   Total number of constraints dropped: 0

Run Time and Memory Usage
-------------------------

   Total CPU Time: 4 secs
   Total REAL Time: 4 secs
   Peak Memory Usage: 600 MB
Checksum -- map: a22e5c5936a0f9b2c7f5c3b8718ea55643dc07ca











































                                    Page 4


Copyright (c) 1991-1994 by NeoCAD Inc. All rights reserved.
Copyright (c) 1995
     AT&T Corp.   All rights reserved.
Copyright (c) 1995-2001 Lucent
     Technologies Inc.  All rights reserved.
Copyright (c) 2001 Agere Systems
     All rights reserved.
Copyright (c) 2002-2026 Lattice Semiconductor
     Corporation,  All rights reserved.
