Lattice Timing Report -  Setup  and Hold, Version Radiant Software (64-bit) 2025.2.1.321.0

Wed Jul  8 13:04:13 2026

Copyright (c) 1991-1994 by NeoCAD Inc. All rights reserved.
Copyright (c) 1995 AT&T Corp.   All rights reserved.
Copyright (c) 1995-2001 Lucent Technologies Inc.  All rights reserved.
Copyright (c) 2001 Agere Systems   All rights reserved.
Copyright (c) 2002-2026 Lattice Semiconductor Corporation,  All rights reserved.

Command line:    timing -sethld -v 10 -u 10 -endpoints 10 -nperend 1 -sp 9_High-Performance_1.0V -hsp m -pwrprd -html -rpt Lattice_MPC_Ex_impl_1.twr Lattice_MPC_Ex_impl_1.udb -gui -msgset C:/Users/Kumar Lab/Desktop/Jasper/Lattice Projects/MPCS_ex/Lattice_MPC_Ex/promote.xml

-------------------------------------------
Design:          flashing_lights
Family:          LFCPNX
Device:          LFCPNX-100
Package:         LFG672
Performance:     9_High-Performance_1.0V
Package Status:                     Final          Version 16
Performance Hardware Data Status :   Final Version 7.0
-------------------------------------------


=====================================================================
                    Table of Contents
=====================================================================
    1  Timing Overview
        1.1  SDC Constraints
        1.2  Constraint Coverage
        1.3  Overall Summary
        1.4  Unconstrained Report
        1.5  Combinational Loop
    2  Setup at Speed Grade 9_High-Performance_1.0V Corner at 100 Degrees
        2.1  Clock Summary
        2.2  Endpoint slacks
        2.3  Detailed Report
    3  Setup at Speed Grade 9_High-Performance_1.0V Corner at -40 Degrees
        3.1  Clock Summary
        3.2  Endpoint slacks
        3.3  Detailed Report
    4  Hold at Speed Grade m Corner at -40 Degrees
        4.1  Endpoint slacks
        4.2  Detailed Report

=====================================================================
                    End of Table of Contents
=====================================================================

==============================================
1  Timing Overview
==============================================

1.1  SDC Constraints
=====================

1.2  Constraint Coverage
---------------------------
Constraint Coverage: 0%


1.3  Overall Summary
---------------------------
 Setup at Speed Grade 9_High-Performance_1.0V Corner at 100 Degrees   Timing Errors: 0 endpoints;  Total Negative Slack: 0.000 ns 
 Setup at Speed Grade 9_High-Performance_1.0V Corner at -40 Degrees   Timing Errors: 0 endpoints;  Total Negative Slack: 0.000 ns 
 Hold at Speed Grade m Corner at -40 Degrees                          Timing Errors: 0 endpoints;  Total Negative Slack: 0.000 ns 

1.4  Unconstrained Report
===========================

1.4.1  Unconstrained Start/End Points
--------------------------------------

Clocked but unconstrained timing start points
--------------------------------------------------
There is no start point satisfying reporting criteria


Clocked but unconstrained timing end points
-------------------------------------------------------------------
         Listing 10 End Points          |           Type           
-------------------------------------------------------------------
u_mpcs.lscc_mpcs_top_inst.PCSX1_inst.u_PCSX1_pcs_merge_pcs_merge_pcsx4_merge.PCSX4_inst/CH2_PIPE_TX_DATA_PCS_TX_DATA0                           
                                        |    No arrival or required
u_mpcs.lscc_mpcs_top_inst.PCSX1_inst.u_PCSX1_pcs_merge_pcs_merge_pcsx4_merge.PCSX4_inst/CH2_PIPE_TX_DATA_PCS_TX_DATA1                           
                                        |    No arrival or required
u_mpcs.lscc_mpcs_top_inst.PCSX1_inst.u_PCSX1_pcs_merge_pcs_merge_pcsx4_merge.PCSX4_inst/CH2_PIPE_TX_DATA_PCS_TX_DATA2                           
                                        |    No arrival or required
u_mpcs.lscc_mpcs_top_inst.PCSX1_inst.u_PCSX1_pcs_merge_pcs_merge_pcsx4_merge.PCSX4_inst/CH2_PIPE_TX_DATA_PCS_TX_DATA3                           
                                        |    No arrival or required
u_mpcs.lscc_mpcs_top_inst.PCSX1_inst.u_PCSX1_pcs_merge_pcs_merge_pcsx4_merge.PCSX4_inst/CH2_PIPE_TX_DATA_PCS_TX_DATA4                           
                                        |    No arrival or required
u_mpcs.lscc_mpcs_top_inst.PCSX1_inst.u_PCSX1_pcs_merge_pcs_merge_pcsx4_merge.PCSX4_inst/CH2_PIPE_TX_DATA_PCS_TX_DATA5                           
                                        |    No arrival or required
u_mpcs.lscc_mpcs_top_inst.PCSX1_inst.u_PCSX1_pcs_merge_pcs_merge_pcsx4_merge.PCSX4_inst/CH2_PIPE_TX_DATA_PCS_TX_DATA7                           
                                        |    No arrival or required
u_mpcs.lscc_mpcs_top_inst.PCSX1_inst.u_PCSX1_pcs_merge_pcs_merge_pcsx4_merge.PCSX4_inst/CH2_PIPE_TX_DATA_PCS_TX_DATA8                           
                                        |    No arrival or required
u_mpcs.lscc_mpcs_top_inst.PCSX1_inst.u_PCSX1_pcs_merge_pcs_merge_pcsx4_merge.PCSX4_inst/CH2_PIPE_TX_DATA_PCS_TX_DATA11                           
                                        |    No arrival or required
u_mpcs.lscc_mpcs_top_inst.PCSX1_inst.u_PCSX1_pcs_merge_pcs_merge_pcsx4_merge.PCSX4_inst/CH2_PIPE_TX_DATA_PCS_TX_DATA13                           
                                        |    No arrival or required
-------------------------------------------------------------------
                                        |                          
Number of unconstrained timing end poin |                          
ts                                      |                        20
                                        |                          
-------------------------------------------------------------------

1.4.2  Start/End Points Without Timing Constraints
---------------------------------------------------

I/O ports without constraint
----------------------------
Possible constraints to use on I/O ports are:
set_input_delay,
set_output_delay,
set_max_delay,
create_clock,
create_generated_clock,
...

-------------------------------------------------------------------
     Listing 8 Start or End Points      |           Type           
-------------------------------------------------------------------
Switch2                                 |                     input
Switch1                                 |                     input
sdq_refclkp_q0_i                        |                     input
sdq_refclkn_q0_i                        |                     input
LED4                                    |                    output
LED3                                    |                    output
LED2                                    |                    output
LED1                                    |                    output
-------------------------------------------------------------------
                                        |                          
Number of I/O ports without constraint  |                         8
                                        |                          
-------------------------------------------------------------------

Nets without clock definition
Define a clock on a top level port or a generated clock on a clock divider pin associated with this net(s).
-------------------------------------------------------------------
            Listing 2 Net(s)            |        Source pin        
-------------------------------------------------------------------
rx_clk                                  |u_mpcs.lscc_mpcs_top_inst.PCSX1_inst.u_PCSX1_pcs_merge_pcs_merge_pcsx4_merge.PCSX4_inst/CH2_RXOUTCLK
MPCS_ex.PIPE_PCS_TXCLKOUT.tx_clk_pcs_merge                           
                                        |u_mpcs.lscc_mpcs_top_inst.PCSX1_inst.u_PCSX1_pcs_merge_pcs_merge_pcsx4_merge.PCSX4_inst/CH2_PIPE_PCS_TXCLKOUT
-------------------------------------------------------------------
                                        |                          
Number of clock nets without clock defi |                          
nition                                  |                         2
                                        |                          
-------------------------------------------------------------------


1.5  Combinational Loop
========================
None

===============================================================
2  Setup at Speed Grade 9_High-Performance_1.0V Corner at 100 Degrees
===============================================================

2.1  Clock Summary
=======================

2.2  Endpoint slacks
=======================
--------------------------------------------------
There is no end point satisfying reporting criteria

Total Negative Slack: 0


2.3  Detailed Report
=======================


XXXXXXXXXXXXXXXXXXXXXXXXXXXXXXXXXXXXXXXXXXXXXXXXXXXXXXXXXX

Detail report of critical paths

XXXXXXXXXXXXXXXXXXXXXXXXXXXXXXXXXXXXXXXXXXXXXXXXXXXXXXXXXX

 +++++++++++++++++++++++++++++++++++++++++++++++++++++++++++++++++++++
                    Detailed Report for timing paths 
 +++++++++++++++++++++++++++++++++++++++++++++++++++++++++++++++++++++
 +++++++++++++++++++++++++++++++++++++++++++++++++++++++++++++++++++++
                    End of Detailed Report for timing paths 
 +++++++++++++++++++++++++++++++++++++++++++++++++++++++++++++++++++++


##########################################################



===============================================================
3  Setup at Speed Grade 9_High-Performance_1.0V Corner at -40 Degrees
===============================================================

3.1  Clock Summary
=======================

3.2  Endpoint slacks
=======================
--------------------------------------------------
There is no end point satisfying reporting criteria

Total Negative Slack: 0


3.3  Detailed Report
=======================


XXXXXXXXXXXXXXXXXXXXXXXXXXXXXXXXXXXXXXXXXXXXXXXXXXXXXXXXXX

Detail report of critical paths

XXXXXXXXXXXXXXXXXXXXXXXXXXXXXXXXXXXXXXXXXXXXXXXXXXXXXXXXXX

 +++++++++++++++++++++++++++++++++++++++++++++++++++++++++++++++++++++
                    Detailed Report for timing paths 
 +++++++++++++++++++++++++++++++++++++++++++++++++++++++++++++++++++++
 +++++++++++++++++++++++++++++++++++++++++++++++++++++++++++++++++++++
                    End of Detailed Report for timing paths 
 +++++++++++++++++++++++++++++++++++++++++++++++++++++++++++++++++++++


##########################################################



===============================================================
4  Hold at Speed Grade m Corner at -40 Degrees
===============================================================

4.1  Endpoint slacks
=======================
--------------------------------------------------
There is no end point satisfying reporting criteria

Total Negative Slack: 0


4.2  Detailed Report
=======================


XXXXXXXXXXXXXXXXXXXXXXXXXXXXXXXXXXXXXXXXXXXXXXXXXXXXXXXXXX

Detail report of critical paths

XXXXXXXXXXXXXXXXXXXXXXXXXXXXXXXXXXXXXXXXXXXXXXXXXXXXXXXXXX

 +++++++++++++++++++++++++++++++++++++++++++++++++++++++++++++++++++++
                    Detailed Report for timing paths 
 +++++++++++++++++++++++++++++++++++++++++++++++++++++++++++++++++++++
 +++++++++++++++++++++++++++++++++++++++++++++++++++++++++++++++++++++
                    End of Detailed Report for timing paths 
 +++++++++++++++++++++++++++++++++++++++++++++++++++++++++++++++++++++


##########################################################



