
Copyright (C) 1994-2025 Synopsys, Inc.
This Synopsys software and all associated documentation are proprietary to Synopsys, Inc.
and may only be used pursuant to the terms and conditions of a written license agreement
with Synopsys, Inc. All other use, reproduction, modification, or distribution of the
Synopsys software or the associated documentation is strictly prohibited.
Tool: Synplify Pro (R)
Build: W-2025.03LR-SP1
Install: C:\lscc\radiant\2025.2.1\synpbase
OS: Windows 10 or later
Hostname: ECE-OP7010PC2

Implementation : impl_1

# Written on Wed Jul  8 13:02:59 2026

##### FILES SYNTAX CHECKED ##############################################
Constraint File(s):      "C:\lscc\radiant\2025.2.1\scripts\tcl\flow\radiant_synplify_vars.tcl"
                         "C:\Users\Kumar Lab\Desktop\Jasper\Lattice Projects\MPCS_ex\Lattice_MPC_Ex\impl_1\Lattice_MPC_Ex_impl_1_cpe.ldc"

#Run constraint checker to find more issues with constraints.
#########################################################################



No issues found in constraint syntax.



Clock Summary
*************

          Start     Requested     Requested     Clock     Clock     Clock
Level     Clock     Frequency     Period        Type      Group     Load 
-------------------------------------------------------------------------
=========================================================================


Clock Load Summary
******************

          Clock     Source     Clock Pin       Non-clock Pin     Non-clock Pin
Clock     Load      Pin        Seq Example     Seq Example       Comb Example 
------------------------------------------------------------------------------
==============================================================================
