Resource Usage Report
Part: lfcpnx_100-9

Register bits: 11 of 79872 (0%)
PIC Latch:       0
I/O cells:       9

Details:
FD1P3IX:        6
FD1P3JX:        5
GSR:            1
IB:             2
INV:            1
LUT4:           8
OB:             7
PCSREFMUX:      1
PCSX1:          1
VHI:            3
VLO:            3

Resource Usage inside macros:
Registers: 0
LUTs: 0
EBRs: 0
LRAMs: 0
DSPs: 0
Distributed RAMs: 0
Carry Chains: 0
Blackboxes: 0

Mapping Summary:
Total number of registers: 11 + 0 = 11 of 79872 (0.01%)
Total number of LUTs: 8 + 0 = 8 
Total number of EBRs: 0 + 0 = 0 of 208 (0.00%)
Total number of LRAMs: 0 + 0 = 0 of 7 (0.00%)
Total number of DSPs: 0 + 0 = 0 of 156 (0.00%)
Total number of Distributed RAMs: 0 + 0 = 0 
Total number of Carry Chains: 0 + 0 = 0 
Total number of BlackBoxes: 9 + 0 = 9 
